0 info it worked if it ends with ok
1 verbose cli [ '/Users/josenriq/.nvm/versions/node/v6.7.0/bin/node',
1 verbose cli   '/Users/josenriq/.nvm/versions/node/v6.7.0/bin/npm',
1 verbose cli   'publish' ]
2 info using npm@3.10.9
3 info using node@v6.7.0
4 verbose publish [ '.' ]
5 silly cache add args [ '.', null ]
6 verbose cache add spec .
7 silly cache add parsed spec Result {
7 silly cache add   raw: '.',
7 silly cache add   scope: null,
7 silly cache add   escapedName: null,
7 silly cache add   name: null,
7 silly cache add   rawSpec: '.',
7 silly cache add   spec: '/Users/josenriq/Desktop/wistia-js',
7 silly cache add   type: 'directory' }
8 verbose addLocalDirectory /Users/josenriq/.npm/wistia-js/1.0.0/package.tgz not in flight; packing
9 verbose correctMkdir /Users/josenriq/.npm correctMkdir not in flight; initializing
10 info lifecycle wistia-js@1.0.0~prepublish: wistia-js@1.0.0
11 silly lifecycle wistia-js@1.0.0~prepublish: no script for prepublish, continuing
12 verbose tar pack [ '/Users/josenriq/.npm/wistia-js/1.0.0/package.tgz',
12 verbose tar pack   '/Users/josenriq/Desktop/wistia-js' ]
13 verbose tarball /Users/josenriq/.npm/wistia-js/1.0.0/package.tgz
14 verbose folder /Users/josenriq/Desktop/wistia-js
15 verbose addLocalTarball adding from inside cache /Users/josenriq/.npm/wistia-js/1.0.0/package.tgz
16 verbose correctMkdir /Users/josenriq/.npm correctMkdir not in flight; initializing
17 silly cache afterAdd wistia-js@1.0.0
18 verbose afterAdd /Users/josenriq/.npm/wistia-js/1.0.0/package/package.json not in flight; writing
19 verbose correctMkdir /Users/josenriq/.npm correctMkdir not in flight; initializing
20 verbose afterAdd /Users/josenriq/.npm/wistia-js/1.0.0/package/package.json written
21 silly publish { name: 'wistia-js',
21 silly publish   version: '1.0.0',
21 silly publish   description: 'Exposes the Wistia JS Player API via npm',
21 silly publish   main: 'wistia.js',
21 silly publish   scripts: { test: 'echo "Error: no test specified" && exit 1' },
21 silly publish   repository:
21 silly publish    { type: 'git',
21 silly publish      url: 'git+https://github.com/slidebean/wistia-js.git' },
21 silly publish   keywords: [ 'wistia', 'js', 'player', 'api' ],
21 silly publish   author: { name: 'Jose E. Bolanos', email: 'jose@slidebean.com' },
21 silly publish   license: 'MIT',
21 silly publish   homepage: 'https://wistia.com/doc/player-api',
21 silly publish   readme: '# wistia-js\nExposes the Wistia JS Player API via npm\n\nhttps://wistia.com/doc/player-api\n',
21 silly publish   readmeFilename: 'README.md',
21 silly publish   gitHead: '4b0516ca96bc64dd53dee7109aa3f6e0b063bd41',
21 silly publish   bugs: { url: 'https://github.com/slidebean/wistia-js/issues' },
21 silly publish   _id: 'wistia-js@1.0.0',
21 silly publish   _shasum: 'a5e809693c32c2df5c8522e53a91cfc25eb53492',
21 silly publish   _from: '.' }
22 verbose getPublishConfig undefined
23 silly mapToRegistry name wistia-js
24 silly mapToRegistry using default registry
25 silly mapToRegistry registry https://registry.npmjs.org/
26 silly mapToRegistry data Result {
26 silly mapToRegistry   raw: 'wistia-js',
26 silly mapToRegistry   scope: null,
26 silly mapToRegistry   escapedName: 'wistia-js',
26 silly mapToRegistry   name: 'wistia-js',
26 silly mapToRegistry   rawSpec: '',
26 silly mapToRegistry   spec: 'latest',
26 silly mapToRegistry   type: 'tag' }
27 silly mapToRegistry uri https://registry.npmjs.org/wistia-js
28 verbose publish registryBase https://registry.npmjs.org/
29 silly publish uploading /Users/josenriq/.npm/wistia-js/1.0.0/package.tgz
30 verbose request uri https://registry.npmjs.org/wistia-js
31 verbose request sending authorization for write operation
32 info attempt registry request try #1 at 7:13:27 PM
33 verbose request using bearer token for auth
34 verbose request id 476b11ea197a5dd5
35 http request PUT https://registry.npmjs.org/wistia-js
36 http 403 https://registry.npmjs.org/wistia-js
37 verbose headers { 'content-type': 'application/json',
37 verbose headers   'cache-control': 'max-age=300',
37 verbose headers   'content-length': '103',
37 verbose headers   'accept-ranges': 'bytes',
37 verbose headers   date: 'Thu, 19 Jan 2017 01:13:29 GMT',
37 verbose headers   via: '1.1 varnish',
37 verbose headers   connection: 'keep-alive',
37 verbose headers   'x-served-by': 'cache-mia1320-MIA',
37 verbose headers   'x-cache': 'MISS',
37 verbose headers   'x-cache-hits': '0',
37 verbose headers   'x-timer': 'S1484788408.413778,VS0,VE727',
37 verbose headers   vary: 'Accept-Encoding' }
38 verbose request invalidating /Users/josenriq/.npm/registry.npmjs.org/wistia-js on PUT
39 error publish Failed PUT 403
40 verbose stack Error: you do not have permission to publish "wistia-js". Are you logged in as the correct user? : wistia-js
40 verbose stack     at makeError (/Users/josenriq/.nvm/versions/node/v6.7.0/lib/node_modules/npm/node_modules/npm-registry-client/lib/request.js:302:12)
40 verbose stack     at CachingRegistryClient.<anonymous> (/Users/josenriq/.nvm/versions/node/v6.7.0/lib/node_modules/npm/node_modules/npm-registry-client/lib/request.js:290:14)
40 verbose stack     at Request._callback (/Users/josenriq/.nvm/versions/node/v6.7.0/lib/node_modules/npm/node_modules/npm-registry-client/lib/request.js:210:14)
40 verbose stack     at Request.self.callback (/Users/josenriq/.nvm/versions/node/v6.7.0/lib/node_modules/npm/node_modules/request/request.js:187:22)
40 verbose stack     at emitTwo (events.js:106:13)
40 verbose stack     at Request.emit (events.js:191:7)
40 verbose stack     at Request.<anonymous> (/Users/josenriq/.nvm/versions/node/v6.7.0/lib/node_modules/npm/node_modules/request/request.js:1048:10)
40 verbose stack     at emitOne (events.js:96:13)
40 verbose stack     at Request.emit (events.js:188:7)
40 verbose stack     at IncomingMessage.<anonymous> (/Users/josenriq/.nvm/versions/node/v6.7.0/lib/node_modules/npm/node_modules/request/request.js:969:12)
41 verbose statusCode 403
42 verbose pkgid wistia-js
43 verbose cwd /Users/josenriq/Desktop/wistia-js
44 error Darwin 16.3.0
45 error argv "/Users/josenriq/.nvm/versions/node/v6.7.0/bin/node" "/Users/josenriq/.nvm/versions/node/v6.7.0/bin/npm" "publish"
46 error node v6.7.0
47 error npm  v3.10.9
48 error code E403
49 error you do not have permission to publish "wistia-js". Are you logged in as the correct user? : wistia-js
50 error If you need help, you may report this error at:
50 error     <https://github.com/npm/npm/issues>
51 verbose exit [ 1, true ]
